c:\users\naskopw\source\repos\15-puzzle\proj.win32\debug\15puzzle.lib
c:\users\naskopw\source\repos\15-puzzle\proj.win32\debug\15puzzle.exp
c:\users\naskopw\source\repos\15-puzzle\proj.win32\15puzzle.dir\debug\gamescene.obj
c:\users\naskopw\source\repos\15-puzzle\proj.win32\15puzzle.dir\debug\precheader.obj
c:\users\naskopw\source\repos\15-puzzle\proj.win32\15puzzle.dir\debug\splashscreen.obj
c:\users\naskopw\source\repos\15-puzzle\proj.win32\15puzzle.dir\debug\appdelegate.obj
c:\users\naskopw\source\repos\15-puzzle\proj.win32\15puzzle.dir\debug\main.obj
c:\users\naskopw\source\repos\15-puzzle\proj.win32\15puzzle.dir\debug\vc142.pdb
c:\users\naskopw\source\repos\15-puzzle\proj.win32\15puzzle.dir\debug\mainmenuscene.obj
c:\users\naskopw\source\repos\15-puzzle\proj.win32\cmakefiles\generate.stamp
c:\users\naskopw\source\repos\15-puzzle\proj.win32\bin\15puzzle\debug\15puzzle.exe
c:\users\naskopw\source\repos\15-puzzle\proj.win32\15puzzle.dir\debug\15puzzle.ilk
c:\users\naskopw\source\repos\15-puzzle\proj.win32\bin\15puzzle\debug\15puzzle.pdb
c:\users\naskopw\source\repos\15-puzzle\proj.win32\15puzzle.dir\debug\game.res
c:\users\naskopw\source\repos\15-puzzle\proj.win32\15puzzle.dir\debug\15puzzle.tlog\15puzzle.write.1u.tlog
c:\users\naskopw\source\repos\15-puzzle\proj.win32\15puzzle.dir\debug\15puzzle.tlog\cl.command.1.tlog
c:\users\naskopw\source\repos\15-puzzle\proj.win32\15puzzle.dir\debug\15puzzle.tlog\cl.read.1.tlog
c:\users\naskopw\source\repos\15-puzzle\proj.win32\15puzzle.dir\debug\15puzzle.tlog\cl.write.1.tlog
c:\users\naskopw\source\repos\15-puzzle\proj.win32\15puzzle.dir\debug\15puzzle.tlog\custombuild.command.1.tlog
c:\users\naskopw\source\repos\15-puzzle\proj.win32\15puzzle.dir\debug\15puzzle.tlog\custombuild.read.1.tlog
c:\users\naskopw\source\repos\15-puzzle\proj.win32\15puzzle.dir\debug\15puzzle.tlog\custombuild.write.1.tlog
c:\users\naskopw\source\repos\15-puzzle\proj.win32\15puzzle.dir\debug\15puzzle.tlog\link.command.1.tlog
c:\users\naskopw\source\repos\15-puzzle\proj.win32\15puzzle.dir\debug\15puzzle.tlog\link.read.1.tlog
c:\users\naskopw\source\repos\15-puzzle\proj.win32\15puzzle.dir\debug\15puzzle.tlog\link.write.1.tlog
c:\users\naskopw\source\repos\15-puzzle\proj.win32\15puzzle.dir\debug\15puzzle.tlog\rc.command.1.tlog
c:\users\naskopw\source\repos\15-puzzle\proj.win32\15puzzle.dir\debug\15puzzle.tlog\rc.read.1.tlog
c:\users\naskopw\source\repos\15-puzzle\proj.win32\15puzzle.dir\debug\15puzzle.tlog\rc.write.1.tlog
